<?xml version="1.0" encoding="UTF-8"?>
<!-- Generated by org.testng.reporters.JUnitXMLReporter -->
<testsuite hostname="UX31E" ignored="0" name="Command line test" tests="1" failures="1" timestamp="12 Jan 2019 21:57:17 GMT" time="18.386" errors="0">
  <testcase name="negativeLogin" time="18.293" classname="pageObject.OrangeTest">
    <failure type="java.lang.AssertionError" message="expected [message] but found [Invalid credentials]">
      <![CDATA[java.lang.AssertionError: expected [message] but found [Invalid credentials]
at pageObject.OrangeTest.negativeLogin(OrangeTest.java:17)
... Removed 41 stack frames]]>
    </failure>
  </testcase> <!-- negativeLogin -->
</testsuite> <!-- Command line test -->
